- Running make in /chalmers/users/chenhon/lab-group-22 ... Ok.
- Checking for executable(s) ...Ok.
- Checking for runtime(s) ... Ok.
About to run tests with these settings:
  Prefix:     jlc
  Backends:   ['llvm']
  Extensions: None

[  1/123] testsuite/good/core032    ... FAILED
[  2/123] testsuite/good/core024    ... OK
[  3/123] testsuite/good/core031    ... FAILED
[  4/123] testsuite/good/core009    ... OK
[  5/123] testsuite/good/core008    ... OK
[  6/123] testsuite/good/core027    ... FAILED
[  7/123] testsuite/good/core030    ... FAILED
[  8/123] testsuite/good/core023    ... FAILED
[  9/123] testsuite/good/registers2 ... FAILED
[ 10/123] testsuite/good/core022    ... OK
[ 11/123] testsuite/good/assignedargument ... OK
[ 12/123] testsuite/good/core020    ... FAILED
[ 13/123] testsuite/good/core018    ... FAILED
[ 14/123] testsuite/good/core019    ... FAILED
[ 15/123] testsuite/good/registers1 ... OK
[ 16/123] testsuite/good/core010    ... FAILED
[ 17/123] testsuite/good/core028    ... OK
[ 18/123] testsuite/good/core007    ... OK
[ 19/123] testsuite/good/intarith5  ... OK
[ 20/123] testsuite/good/intarith4  ... FAILED
[ 21/123] testsuite/good/core006    ... OK
[ 22/123] testsuite/good/core029    ... FAILED
[ 23/123] testsuite/good/core011    ... OK
[ 24/123] testsuite/good/core013    ... FAILED
[ 25/123] testsuite/good/core004    ... FAILED
[ 26/123] testsuite/good/core005    ... FAILED
[ 27/123] testsuite/good/shadowedfunction ... FAILED
[ 28/123] testsuite/good/order_binop ... OK
[ 29/123] testsuite/good/core012    ... FAILED
[ 30/123] testsuite/good/order_binop2 ... OK
[ 31/123] testsuite/good/core001    ... FAILED
[ 32/123] testsuite/good/intarith3  ... FAILED
[ 33/123] testsuite/good/core016    ... FAILED
[ 34/123] testsuite/good/core017    ... FAILED
[ 35/123] testsuite/good/stack1     ... FAILED
[ 36/123] testsuite/good/intarith   ... FAILED
[ 37/123] testsuite/good/intarith2  ... FAILED
[ 38/123] testsuite/good/core002    ... OK
[ 39/123] testsuite/good/core015    ... FAILED
[ 40/123] testsuite/good/core014    ... FAILED
[ 41/123] testsuite/good/stack2     ... FAILED
[ 42/123] testsuite/good/order_fun  ... OK
[ 43/123] testsuite/bad/bad022      ... OK
[ 44/123] testsuite/bad/bad052      ... OK
[ 45/123] testsuite/bad/bad045      ... OK
[ 46/123] testsuite/bad/bad035      ... OK
[ 47/123] testsuite/bad/array04     ... OK
[ 48/123] testsuite/bad/array05     ... OK
[ 49/123] testsuite/bad/bad034      ... OK
[ 50/123] testsuite/bad/bad044      ... OK
[ 51/123] testsuite/bad/bad053      ... OK
[ 52/123] testsuite/bad/bad023      ... OK
[ 53/123] testsuite/bad/bad051      ... OK
[ 54/123] testsuite/bad/bad021      ... OK
[ 55/123] testsuite/bad/bad036      ... OK
[ 56/123] testsuite/bad/bad069      ... OK
[ 57/123] testsuite/bad/array07     ... OK
[ 58/123] testsuite/bad/bad046      ... OK
[ 59/123] testsuite/bad/bad019      ... OK
[ 60/123] testsuite/bad/assignedfunction ... OK
[ 61/123] testsuite/bad/bad018      ... OK
[ 62/123] testsuite/bad/bad047      ... OK
[ 63/123] testsuite/bad/array06     ... OK
[ 64/123] testsuite/bad/bad068      ... OK
[ 65/123] testsuite/bad/bad037      ... OK
[ 66/123] testsuite/bad/bad020      ... OK
[ 67/123] testsuite/bad/bad050      ... OK
[ 68/123] testsuite/bad/bad033      ... OK
[ 69/123] testsuite/bad/bad043      ... OK
[ 70/123] testsuite/bad/bad054      ... OK
[ 71/123] testsuite/bad/bad025      ... OK
[ 72/123] testsuite/bad/bad055      ... OK
[ 73/123] testsuite/bad/bad042      ... OK
[ 74/123] testsuite/bad/array03     ... OK
[ 75/123] testsuite/bad/bad032      ... OK
[ 76/123] testsuite/bad/bad040      ... OK
[ 77/123] testsuite/bad/array01     ... OK
[ 78/123] testsuite/bad/bad027      ... OK
[ 79/123] testsuite/bad/bad008      ... OK
[ 80/123] testsuite/bad/bad056      ... OK
[ 81/123] testsuite/bad/bad009      ... OK
[ 82/123] testsuite/bad/bad026      ... OK
[ 83/123] testsuite/bad/bad031      ... OK
[ 84/123] testsuite/bad/bad041      ... OK
[ 85/123] testsuite/bad/struct04    ... OK
[ 86/123] testsuite/bad/bad070      ... OK
[ 87/123] testsuite/bad/bad038      ... OK
[ 88/123] testsuite/bad/bad067      ... OK
[ 89/123] testsuite/bad/bad048      ... OK
[ 90/123] testsuite/bad/bad017      ... OK
[ 91/123] testsuite/bad/bad016      ... OK
[ 92/123] testsuite/bad/bad049      ... OK
[ 93/123] testsuite/bad/bad066      ... OK
[ 94/123] testsuite/bad/bad039      ... OK
[ 95/123] testsuite/bad/bad071      ... OK
[ 96/123] testsuite/bad/bad001      ... OK
[ 97/123] testsuite/bad/struct05    ... OK
[ 98/123] testsuite/bad/bad073      ... OK
[ 99/123] testsuite/bad/bad003      ... OK
[100/123] testsuite/bad/bad064      ... OK
[101/123] testsuite/bad/bad065      ... OK
[102/123] testsuite/bad/bad015      ... OK
[103/123] testsuite/bad/bad002      ... OK
[104/123] testsuite/bad/bad072      ... OK
[105/123] testsuite/bad/bad011      ... OK
[106/123] testsuite/bad/bad061      ... OK
[107/123] testsuite/bad/bad029      ... OK
[108/123] testsuite/bad/bad006      ... OK
[109/123] testsuite/bad/struct02    ... OK
[110/123] testsuite/bad/bad059      ... OK
[111/123] testsuite/bad/bad058      ... OK
[112/123] testsuite/bad/struct03    ... OK
[113/123] testsuite/bad/bad007      ... OK
[114/123] testsuite/bad/bad028      ... OK
[115/123] testsuite/bad/bad060      ... OK
[116/123] testsuite/bad/bad010      ... OK
[117/123] testsuite/bad/bad062      ... OK
[118/123] testsuite/bad/bad012      ... OK
[119/123] testsuite/bad/bad005      ... OK
[120/123] testsuite/bad/bad074      ... OK
[121/123] testsuite/bad/bad004      ... OK
[122/123] testsuite/bad/bad013      ... OK
[123/123] testsuite/bad/bad063      ... OK


Some tests failed:
---------- !!! testsuite/good/core031.jl failed !!! ----------

- stderr expected:
    OK
- stderr actual:
    jlc: /chalmers/sw/sup64/llvm-16.0.5/dist/llvm-project-16/llvm/lib/IR/Instructions.cpp:2908: void llvm::BinaryOperator::AssertOK(): Assertion `getType()->isIntOrIntVectorTy() && "Incorrect operand type (not integer) for S/UDIV"' failed.
- compiler return code info:
    compiler return code: -6, 0 expected

---------- !!! testsuite/good/core030.jl failed !!! ----------

- stderr expected:
    OK
- stderr actual:
    jlc: /chalmers/sw/sup64/llvm-16.0.5/dist/llvm-project-16/llvm/lib/IR/Instructions.cpp:2893: void llvm::BinaryOperator::AssertOK(): Assertion `getType()->isIntOrIntVectorTy() && "Tried to create an integer operation on a non-integer type!"' failed.
- compiler return code info:
    compiler return code: -6, 0 expected

---------- !!! testsuite/good/registers2.jl failed !!! ----------

- stderr expected:
    OK
- stderr actual:
    jlc: /chalmers/sw/sup64/llvm-16.0.5/dist/llvm-project-16/llvm/lib/IR/Instructions.cpp:2908: void llvm::BinaryOperator::AssertOK(): Assertion `getType()->isIntOrIntVectorTy() && "Incorrect operand type (not integer) for S/UDIV"' failed.
- compiler return code info:
    compiler return code: -6, 0 expected

---------- !!! testsuite/good/core018.jl failed !!! ----------

- stderr expected:
    OK
- stderr actual:
    jlc: /nfs4/sol.ita.chalmers.se/ufs/groups/manual20/sup_de/sup64/llvm-16.0.5/include/llvm/IR/Instructions.h:1204: void llvm::ICmpInst::AssertOK(): Assertion `(getOperand(0)->getType()->isIntOrIntVectorTy() || getOperand(0)->getType()->isPtrOrPtrVectorTy()) && "Invalid operand types for ICmp instruction"' failed.
- compiler return code info:
    compiler return code: -6, 0 expected

---------- !!! testsuite/good/core029.jl failed !!! ----------

- stderr expected:
    OK
- stderr actual:
    jlc: /nfs4/sol.ita.chalmers.se/ufs/groups/manual20/sup_de/sup64/llvm-16.0.5/include/llvm/IR/Instructions.h:1204: void llvm::ICmpInst::AssertOK(): Assertion `(getOperand(0)->getType()->isIntOrIntVectorTy() || getOperand(0)->getType()->isPtrOrPtrVectorTy()) && "Invalid operand types for ICmp instruction"' failed.
- compiler return code info:
    compiler return code: -6, 0 expected

---------- !!! testsuite/good/core012.jl failed !!! ----------

- stderr expected:
    OK
- stderr actual:
    jlc: /chalmers/sw/sup64/llvm-16.0.5/dist/llvm-project-16/llvm/lib/IR/Constants.cpp:2282: static llvm::Constant* llvm::ConstantExpr::get(unsigned int, llvm::Constant*, llvm::Constant*, unsigned int, llvm::Type*): Assertion `C1->getType()->isIntOrIntVectorTy() && "Tried to create an integer operation on a non-integer type!"' failed.
- compiler return code info:
    compiler return code: -6, 0 expected

---------- !!! testsuite/good/core001.jl failed !!! ----------

- stderr expected:
    OK
- stderr actual:
    jlc: /nfs4/sol.ita.chalmers.se/ufs/groups/manual20/sup_de/sup64/llvm-16.0.5/include/llvm/IR/Instructions.h:1204: void llvm::ICmpInst::AssertOK(): Assertion `(getOperand(0)->getType()->isIntOrIntVectorTy() || getOperand(0)->getType()->isPtrOrPtrVectorTy()) && "Invalid operand types for ICmp instruction"' failed.
- compiler return code info:
    compiler return code: -6, 0 expected

---------- !!! testsuite/good/core017.jl failed !!! ----------

- stderr expected:
    OK
- stderr actual:
    jlc: /chalmers/sw/sup64/llvm-16.0.5/dist/llvm-project-16/llvm/lib/IR/Constants.cpp:2282: static llvm::Constant* llvm::ConstantExpr::get(unsigned int, llvm::Constant*, llvm::Constant*, unsigned int, llvm::Type*): Assertion `C1->getType()->isIntOrIntVectorTy() && "Tried to create an integer operation on a non-integer type!"' failed.
- compiler return code info:
    compiler return code: -6, 0 expected

---------- !!! testsuite/good/core015.jl failed !!! ----------

- stdout expected:
    0
- stdout actual:


Some tests caused build failures:
---------- !!! testsuite/good/core032.jl failed !!! ----------

    llvm-as failed with:
    llvm-as: <stdin>:21:1: error: expected instruction opcode
    l1:                                               ; No predecessors!
    ^

---------- !!! testsuite/good/core027.jl failed !!! ----------

    llvm-as failed with:
    llvm-as: <stdin>:20:1: error: expected instruction opcode
    l1:                                               ; No predecessors!
    ^

---------- !!! testsuite/good/core023.jl failed !!! ----------

    llvm-as failed with:
    llvm-as: <stdin>:17:1: error: expected instruction opcode
    l1:                                               ; No predecessors!
    ^

---------- !!! testsuite/good/core020.jl failed !!! ----------

    llvm-as failed with:
    llvm-as: <stdin>:23:1: error: expected instruction opcode
    }
    ^

---------- !!! testsuite/good/core019.jl failed !!! ----------

    llvm-as failed with:
    llvm-as: <stdin>:21:1: error: expected instruction opcode
    l1:                                               ; No predecessors!
    ^

---------- !!! testsuite/good/core010.jl failed !!! ----------

    llvm-as failed with:
    llvm-as: <stdin>:35:1: error: expected instruction opcode
    l1:                                               ; No predecessors!
    ^

---------- !!! testsuite/good/intarith4.jl failed !!! ----------

    llvm-as failed with:
    llvm-as: <stdin>:37:1: error: expected instruction opcode
    l1:                                               ; No predecessors!
    ^

---------- !!! testsuite/good/core013.jl failed !!! ----------

    llvm-as failed with:
    llvm-as: <stdin>:117:1: error: expected instruction opcode
    l1:                                               ; No predecessors!
    ^

---------- !!! testsuite/good/core004.jl failed !!! ----------

    llvm-as failed with:
    llvm-as: <stdin>:17:1: error: expected instruction opcode
    l1:                                               ; No predecessors!
    ^

---------- !!! testsuite/good/core005.jl failed !!! ----------

    llvm-as failed with:
    llvm-as: <stdin>:24:1: error: expected instruction opcode
    l1:                                               ; No predecessors!
    ^

---------- !!! testsuite/good/shadowedfunction.jl failed !!! ----------

    llvm-as failed with:
    llvm-as: <stdin>:19:1: error: expected instruction opcode
    }
    ^

---------- !!! testsuite/good/intarith3.jl failed !!! ----------

    llvm-as failed with:
    llvm-as: <stdin>:21:1: error: expected instruction opcode
    l1:                                               ; No predecessors!
    ^

---------- !!! testsuite/good/core016.jl failed !!! ----------

    llvm-as failed with:
    llvm-as: <stdin>:26:1: error: expected instruction opcode
    l1:                                               ; No predecessors!
    ^

---------- !!! testsuite/good/stack1.jl failed !!! ----------

    llvm-as failed with:
    llvm-as: <stdin>:36:1: error: expected instruction opcode
    }
    ^

---------- !!! testsuite/good/intarith.jl failed !!! ----------

    llvm-as failed with:
    llvm-as: <stdin>:22:1: error: expected instruction opcode
    l1:                                               ; No predecessors!
    ^

---------- !!! testsuite/good/intarith2.jl failed !!! ----------

    llvm-as failed with:
    llvm-as: <stdin>:19:1: error: expected instruction opcode
    l1:                                               ; No predecessors!
    ^

---------- !!! testsuite/good/core014.jl failed !!! ----------

    llvm-as failed with:
    llvm-as: <stdin>:32:1: error: expected instruction opcode
    l1:                                               ; No predecessors!
    ^

---------- !!! testsuite/good/stack2.jl failed !!! ----------

    llvm-as failed with:
    llvm-as: <stdin>:32:1: error: expected instruction opcode
    }
    ^

/chalmers/users/chenhon/lab-group-22
