- Running make in /chalmers/users/chenhon/lab-group-22 ... Ok.
- Checking for executable(s) ...Ok.
- Checking for runtime(s) ... Ok.
About to run tests with these settings:
  Prefix:     jlc
  Backends:   None (type checking only)
  Extensions: ['arrays1', 'arrays2', 'pointers', 'objects1', 'objects2', 'advstructs']

[  1/172] testsuite/good/core030    ... OK
[  2/172] testsuite/good/intarith3  ... OK
[  3/172] testsuite/good/core027    ... OK
[  4/172] testsuite/good/stack2     ... OK
[  5/172] testsuite/good/core008    ... OK
[  6/172] testsuite/good/shadowedfunction ... OK
[  7/172] testsuite/good/core009    ... OK
[  8/172] testsuite/good/core031    ... OK
[  9/172] testsuite/good/registers1 ... OK
[ 10/172] testsuite/good/intarith2  ... OK
[ 11/172] testsuite/good/stack1     ... OK
[ 12/172] testsuite/good/core024    ... OK
[ 13/172] testsuite/good/order_fun  ... OK
[ 14/172] testsuite/good/registers2 ... OK
[ 15/172] testsuite/good/core032    ... OK
[ 16/172] testsuite/good/intarith5  ... OK
[ 17/172] testsuite/good/core019    ... OK
[ 18/172] testsuite/good/intarith   ... OK
[ 19/172] testsuite/good/core018    ... OK
[ 20/172] testsuite/good/intarith4  ... OK
[ 21/172] testsuite/good/core020    ... OK
[ 22/172] testsuite/good/core022    ... OK
[ 23/172] testsuite/good/order_binop ... OK
[ 24/172] testsuite/good/core023    ... OK
[ 25/172] testsuite/good/order_binop2 ... OK
[ 26/172] testsuite/good/core012    ... OK
[ 27/172] testsuite/good/core005    ... OK
[ 28/172] testsuite/good/core004    ... OK
[ 29/172] testsuite/good/core013    ... OK
[ 30/172] testsuite/good/core011    ... OK
[ 31/172] testsuite/good/core029    ... OK
[ 32/172] testsuite/good/core006    ... OK
[ 33/172] testsuite/good/core007    ... OK
[ 34/172] testsuite/good/core028    ... OK
[ 35/172] testsuite/good/core010    ... OK
[ 36/172] testsuite/good/assignedargument ... OK
[ 37/172] testsuite/good/core014    ... OK
[ 38/172] testsuite/good/core015    ... OK
[ 39/172] testsuite/good/core002    ... OK
[ 40/172] testsuite/good/core017    ... OK
[ 41/172] testsuite/good/core016    ... OK
[ 42/172] testsuite/good/core001    ... OK
[ 43/172] testsuite/bad/bad073      ... OK
[ 44/172] testsuite/bad/bad003      ... OK
[ 45/172] testsuite/bad/bad064      ... OK
[ 46/172] testsuite/bad/bad065      ... OK
[ 47/172] testsuite/bad/bad015      ... OK
[ 48/172] testsuite/bad/bad002      ... OK
[ 49/172] testsuite/bad/bad072      ... OK
[ 50/172] testsuite/bad/bad070      ... OK
[ 51/172] testsuite/bad/struct03    ... OK
[ 52/172] testsuite/bad/bad038      ... OK
[ 53/172] testsuite/bad/bad067      ... OK
[ 54/172] testsuite/bad/bad048      ... OK
[ 55/172] testsuite/bad/bad017      ... OK
[ 56/172] testsuite/bad/bad016      ... OK
[ 57/172] testsuite/bad/bad049      ... OK
[ 58/172] testsuite/bad/struct02    ... OK
[ 59/172] testsuite/bad/bad066      ... OK
[ 60/172] testsuite/bad/bad039      ... OK
[ 61/172] testsuite/bad/bad071      ... OK
[ 62/172] testsuite/bad/bad001      ... OK
[ 63/172] testsuite/bad/bad062      ... OK
[ 64/172] testsuite/bad/bad012      ... OK
[ 65/172] testsuite/bad/bad005      ... OK
[ 66/172] testsuite/bad/bad074      ... OK
[ 67/172] testsuite/bad/bad004      ... OK
[ 68/172] testsuite/bad/bad013      ... OK
[ 69/172] testsuite/bad/bad063      ... OK
[ 70/172] testsuite/bad/bad011      ... OK
[ 71/172] testsuite/bad/struct05    ... OK
[ 72/172] testsuite/bad/bad061      ... OK
[ 73/172] testsuite/bad/bad029      ... OK
[ 74/172] testsuite/bad/bad006      ... OK
[ 75/172] testsuite/bad/bad059      ... OK
[ 76/172] testsuite/bad/bad058      ... OK
[ 77/172] testsuite/bad/bad007      ... OK
[ 78/172] testsuite/bad/bad028      ... OK
[ 79/172] testsuite/bad/struct04    ... OK
[ 80/172] testsuite/bad/bad060      ... OK
[ 81/172] testsuite/bad/bad010      ... OK
[ 82/172] testsuite/bad/bad051      ... OK
[ 83/172] testsuite/bad/bad021      ... OK
[ 84/172] testsuite/bad/bad036      ... OK
[ 85/172] testsuite/bad/bad069      ... OK
[ 86/172] testsuite/bad/array07     ... OK
[ 87/172] testsuite/bad/bad046      ... OK
[ 88/172] testsuite/bad/bad019      ... OK
[ 89/172] testsuite/bad/bad018      ... OK
[ 90/172] testsuite/bad/bad047      ... OK
[ 91/172] testsuite/bad/array06     ... OK
[ 92/172] testsuite/bad/bad068      ... OK
[ 93/172] testsuite/bad/bad037      ... OK
[ 94/172] testsuite/bad/bad020      ... OK
[ 95/172] testsuite/bad/bad050      ... OK
[ 96/172] testsuite/bad/bad022      ... OK
[ 97/172] testsuite/bad/bad052      ... OK
[ 98/172] testsuite/bad/bad045      ... OK
[ 99/172] testsuite/bad/bad035      ... OK
[100/172] testsuite/bad/array04     ... OK
[101/172] testsuite/bad/array05     ... OK
[102/172] testsuite/bad/bad034      ... OK
[103/172] testsuite/bad/bad044      ... OK
[104/172] testsuite/bad/bad053      ... OK
[105/172] testsuite/bad/bad023      ... OK
[106/172] testsuite/bad/bad040      ... OK
[107/172] testsuite/bad/array01     ... OK
[108/172] testsuite/bad/bad027      ... OK
[109/172] testsuite/bad/bad008      ... OK
[110/172] testsuite/bad/bad056      ... OK
[111/172] testsuite/bad/bad009      ... OK
[112/172] testsuite/bad/bad026      ... OK
[113/172] testsuite/bad/bad031      ... OK
[114/172] testsuite/bad/bad041      ... OK
[115/172] testsuite/bad/bad033      ... OK
[116/172] testsuite/bad/bad043      ... OK
[117/172] testsuite/bad/assignedfunction ... OK
[118/172] testsuite/bad/bad054      ... OK
[119/172] testsuite/bad/bad025      ... OK
[120/172] testsuite/bad/bad055      ... OK
[121/172] testsuite/bad/bad042      ... OK
[122/172] testsuite/bad/array03     ... OK
[123/172] testsuite/bad/bad032      ... OK
[124/172] testsuite/extensions/objects1/linked ... OK
[125/172] testsuite/extensions/objects1/points ... FAILED
[126/172] testsuite/extensions/objects1/counter ... OK
[127/172] testsuite/extensions/objects1/queue ... FAILED
[128/172] testsuite/extensions/objects1/shadowedfunction ... OK
[129/172] testsuite/extensions/objects1/bad/parentheses ... OK
[130/172] testsuite/extensions/objects1/bad/cyclic ... FAILED
[131/172] testsuite/extensions/objects1/bad/bad005 ... OK
[132/172] testsuite/extensions/objects1/bad/bad004 ... OK
[133/172] testsuite/extensions/objects1/bad/order ... FAILED
[134/172] testsuite/extensions/objects1/bad/bad001 ... OK
[135/172] testsuite/extensions/objects1/bad/bad003 ... OK
[136/172] testsuite/extensions/objects1/bad/bad002 ... OK
[137/172] testsuite/extensions/arrays1_pointers/mixed001 ... OK
[138/172] testsuite/extensions/arrays1_pointers/mixed002 ... OK
[139/172] testsuite/extensions/arrays1_pointers/mixed003 ... OK
[140/172] testsuite/extensions/arrays1/array_default ... OK
[141/172] testsuite/extensions/arrays1/array009 ... OK
[142/172] testsuite/extensions/arrays1/array008 ... OK
[143/172] testsuite/extensions/arrays1/array002 ... OK
[144/172] testsuite/extensions/arrays1/array003 ... OK
[145/172] testsuite/extensions/arrays1/array001 ... OK
[146/172] testsuite/extensions/arrays1/array004 ... OK
[147/172] testsuite/extensions/arrays1/array005 ... OK
[148/172] testsuite/extensions/arrays1/array006 ... OK
[149/172] testsuite/extensions/arrays1/bad/bad001 ... OK
[150/172] testsuite/extensions/arrays1/bad/bad002 ... OK
[151/172] testsuite/extensions/arrays1/bad/parentheses ... OK
[152/172] testsuite/extensions/objects2/shapes ... FAILED
[153/172] testsuite/extensions/objects2/bad/bad001 ... FAILED
[154/172] testsuite/extensions/arrays2/array001 ... OK
[155/172] testsuite/extensions/arrays2/array002 ... OK
[156/172] testsuite/extensions/arrays2/bad/array_nested_default ... OK
[157/172] testsuite/extensions/arrays2/bad/bad002 ... OK
[158/172] testsuite/extensions/arrays2/bad/bad001 ... OK
[159/172] testsuite/extensions/pointers/list ... OK
[160/172] testsuite/extensions/pointers/tree ... OK
[161/172] testsuite/extensions/pointers/big ... OK
[162/172] testsuite/extensions/pointers/syntax ... OK
[163/172] testsuite/extensions/pointers/bad/bad002 ... OK
[164/172] testsuite/extensions/pointers/bad/bad003 ... OK
[165/172] testsuite/extensions/pointers/bad/bad001 ... OK
[166/172] testsuite/extensions/pointers/bad/parentheses ... OK
[167/172] testsuite/extensions/arrays2_pointers/mixed001 ... OK
[168/172] testsuite/extensions/advstructs/adv_structs004 ... FAILED
[169/172] testsuite/extensions/advstructs/adv_structs005 ... OK
[170/172] testsuite/extensions/advstructs/adv_structs001 ... OK
[171/172] testsuite/extensions/advstructs/adv_structs002 ... OK
[172/172] testsuite/extensions/advstructs/adv_structs003 ... OK

Some tests failed:
---------- !!! testsuite/extensions/objects1/points.jl failed !!! ----------

- stderr expected:
    OK
- stderr actual:
    ERROR, Type check error:
     
    In Function main:
    Variable p type is class Point2 type is not the same as the init type class Point3: 
    	Point2 p = new Point3;
- compiler return code info:
    compiler return code: 1, 0 expected

---------- !!! testsuite/extensions/objects1/queue.jl failed !!! ----------

- stderr expected:
    OK
- stderr actual:
    ERROR, Type check error:
     
    In Function insert:
    Variable self not defined in function IntQueue::insert: 
    	self . isEmpty ()
- compiler return code info:
    compiler return code: 1, 0 expected

---------- !!! testsuite/extensions/objects1/bad/cyclic.jl failed !!! ----------

- stderr expected:
    ERROR
- stderr actual:
    OK
- compiler return code info:
    compiler return code: 0, nonzero expected

---------- !!! testsuite/extensions/objects1/bad/order.jl failed !!! ----------

- stderr expected:
    ERROR
- stderr actual:
    OK
- compiler return code info:
    compiler return code: 0, nonzero expected

---------- !!! testsuite/extensions/objects2/shapes.jl failed !!! ----------

- stderr expected:
    OK
- stderr actual:
    ERROR, Type check error:
     
    In Function main:
    Can not assign var type: class Rectangle to var :class Shape: 
    	s = new Rectangle;
- compiler return code info:
    compiler return code: 1, 0 expected

---------- !!! testsuite/extensions/objects2/bad/bad001.jl failed !!! ----------

- stderr expected:
    ERROR
- stderr actual:
    OK
- compiler return code info:
    compiler return code: 0, nonzero expected

---------- !!! testsuite/extensions/advstructs/adv_structs004.jl failed !!! ----------

- stderr expected:
    OK
- stderr actual:
    ERROR, Type check error:
     
    In Function initRow:
    Type enum Square is not supported for oarray.: 
    	Square [] row = new Square [8];
- compiler return code info:
    compiler return code: 1, 0 expected

/chalmers/users/chenhon/lab-group-22
